<?xml version="1.0" encoding="UTF-8"?>
<!-- Generated by org.testng.reporters.JUnitXMLReporter -->
<testsuite ignored="0" hostname="DESKTOP-SCKF30Q" failures="0" tests="4" name="Test3" time="47.649" errors="0" timestamp="2023-11-22T09:08:39 IST">
  <testcase classname="testpackage2.TestClass4" name="test1" time="0.015"/>
  <testcase classname="testpackage2.TestClass4" name="test2" time="0.003"/>
  <testcase classname="testpackage2.TestClass3" name="test1" time="0.005"/>
  <testcase classname="testpackage2.TestClass3" name="test2" time="0.001"/>
</testsuite> <!-- Test3 -->
