<?xml version="1.0" encoding="UTF-8"?>
<!-- Generated by org.testng.reporters.JUnitXMLReporter -->
<testsuite ignored="0" hostname="DESKTOP-SCKF30Q" failures="0" tests="4" name="Test6" time="47.544" errors="0" timestamp="2023-11-22T09:08:39 IST">
  <testcase classname="testpackage1.TestClass1" name="test1" time="0.006"/>
  <testcase classname="testpackage1.TestClass1" name="test2" time="0.004"/>
  <testcase classname="testpackage1.TestClass2" name="test1" time="0.006"/>
  <testcase classname="testpackage1.TestClass2" name="test2" time="0.001"/>
</testsuite> <!-- Test6 -->
