<?xml version="1.0" encoding="UTF-8"?>
<!-- Generated by org.testng.reporters.JUnitXMLReporter -->
<testsuite ignored="0" hostname="DESKTOP-SCKF30Q" failures="0" tests="4" name="Test5" time="44.851" errors="0" timestamp="2023-11-22T09:08:36 IST">
  <testcase classname="testpackage2.TestClass4" name="test1" time="0.003"/>
  <testcase classname="testpackage2.TestClass4" name="test2" time="0.002"/>
  <testcase classname="testpackage2.TestClass3" name="test1" time="0.002"/>
  <testcase classname="testpackage2.TestClass3" name="test2" time="0.001"/>
</testsuite> <!-- Test5 -->
