<?xml version="1.0" encoding="UTF-8"?>
<!-- Generated by org.testng.reporters.JUnitXMLReporter -->
<testsuite ignored="0" hostname="DESKTOP-SCKF30Q" failures="0" tests="8" name="Test" time="55.327" errors="0" timestamp="2023-11-29T13:15:53 IST">
  <testcase classname="testpackage1.TestClass1" name="test1" time="0.014"/>
  <testcase classname="testpackage1.TestClass1" name="test2" time="0.006"/>
  <testcase classname="testpackage1.TestClass2" name="test1" time="0.005"/>
  <testcase classname="testpackage1.TestClass2" name="test2" time="0.008"/>
  <testcase classname="testpackage2.TestClass3" name="test1" time="0.01"/>
  <testcase classname="testpackage2.TestClass3" name="test2" time="0.003"/>
  <testcase classname="testpackage2.TestClass4" name="test1" time="0.002"/>
  <testcase classname="testpackage2.TestClass4" name="test2" time="0.003"/>
</testsuite> <!-- Test -->
