<?xml version="1.0" encoding="UTF-8"?>
<!-- Generated by org.testng.reporters.JUnitXMLReporter -->
<testsuite ignored="4" hostname="DESKTOP-SCKF30Q" failures="0" tests="4" name="Test" time="24.17" errors="0" timestamp="2023-12-03T23:37:31 IST">
  <testcase classname="testpackage1.TestClass1" name="test1" time="0.004"/>
  <testcase classname="testpackage1.TestClass2" name="test1" time="0.001"/>
  <testcase classname="testpackage2.TestClass3" name="test1" time="0.001"/>
  <testcase classname="testpackage2.TestClass4" name="test1" time="0.0"/>
  <testcase classname="testpackage1.TestClass2" name="test2" time="0.0">
    <ignored/>
  </testcase> <!-- test2 -->
  <testcase classname="testpackage1.TestClass1" name="test2" time="0.0">
    <ignored/>
  </testcase> <!-- test2 -->
  <testcase classname="testpackage2.TestClass4" name="test2" time="0.0">
    <ignored/>
  </testcase> <!-- test2 -->
  <testcase classname="testpackage2.TestClass3" name="test2" time="0.0">
    <ignored/>
  </testcase> <!-- test2 -->
</testsuite> <!-- Test -->
