<?xml version="1.0" encoding="UTF-8"?>
<!-- Generated by org.testng.reporters.JUnitXMLReporter -->
<testsuite ignored="0" hostname="DESKTOP-SCKF30Q" failures="0" tests="8" name="Test" time="80.974" errors="0" timestamp="2023-12-30T22:00:48 IST">
  <testcase classname="testpackage1.TestClass1" name="test1" time="0.003"/>
  <testcase classname="testpackage1.TestClass1" name="test2" time="0.001"/>
  <testcase classname="testpackage1.TestClass2" name="test1" time="0.001"/>
  <testcase classname="testpackage1.TestClass2" name="test2" time="0.001"/>
  <testcase classname="testpackage2.TestClass3" name="test1" time="0.0"/>
  <testcase classname="testpackage2.TestClass3" name="test2" time="0.0"/>
  <testcase classname="testpackage2.TestClass4" name="test1" time="0.001"/>
  <testcase classname="testpackage2.TestClass4" name="test2" time="0.001"/>
</testsuite> <!-- Test -->
