<?xml version="1.0" encoding="UTF-8"?>
<testng-results ignored="0" total="1" passed="1" failed="0" skipped="0">
  <reporter-output>
  </reporter-output>
  <suite started-at="2023-12-05T09:46:48 IST" name="Default suite" finished-at="2023-12-05T09:47:15 IST" duration-ms="27242">
    <groups>
    </groups>
    <test started-at="2023-12-05T09:46:48 IST" name="Default test" finished-at="2023-12-05T09:47:15 IST" duration-ms="27242">
      <class name="testpackage2.FlipkartSamsungTest">
        <test-method signature="test()[pri:0, instance:testpackage2.FlipkartSamsungTest@3cebbb30]" started-at="2023-12-05T09:46:48 IST" name="test" finished-at="2023-12-05T09:47:15 IST" duration-ms="27165" status="PASS">
          <reporter-output>
          </reporter-output>
        </test-method> <!-- test -->
      </class> <!-- testpackage2.FlipkartSamsungTest -->
    </test> <!-- Default test -->
  </suite> <!-- Default suite -->
</testng-results>
